<?xml version="1.0" encoding="UTF-8"?>
<testng-results skipped="0" failed="0" ignored="0" total="1" passed="1">
  <reporter-output>
  </reporter-output>
  <suite name="Suite" duration-ms="26213" started-at="2020-05-04T08:56:00Z" finished-at="2020-05-04T08:56:26Z">
    <groups>
    </groups>
    <test name="Test" duration-ms="26213" started-at="2020-05-04T08:56:00Z" finished-at="2020-05-04T08:56:26Z">
      <class name="rediff.Login">
        <test-method status="PASS" signature="beforeMethod()[pri:0, instance:rediff.Login@161b062a]" name="beforeMethod" is-config="true" duration-ms="11334" started-at="2020-05-04T08:56:00Z" finished-at="2020-05-04T08:56:11Z">
          <reporter-output>
          </reporter-output>
        </test-method> <!-- beforeMethod -->
        <test-method status="PASS" signature="f()[pri:0, instance:rediff.Login@161b062a]" name="f" duration-ms="8251" started-at="2020-05-04T08:56:11Z" finished-at="2020-05-04T08:56:20Z">
          <reporter-output>
          </reporter-output>
        </test-method> <!-- f -->
        <test-method status="PASS" signature="afterMethod()[pri:0, instance:rediff.Login@161b062a]" name="afterMethod" is-config="true" duration-ms="6548" started-at="2020-05-04T08:56:20Z" finished-at="2020-05-04T08:56:26Z">
          <reporter-output>
          </reporter-output>
        </test-method> <!-- afterMethod -->
      </class> <!-- rediff.Login -->
    </test> <!-- Test -->
  </suite> <!-- Suite -->
</testng-results>
